<?xml version="1.0" encoding="UTF-8"?>
<testsuite name="dev.fleetworks.memo.core.ProviderPresetsTest" tests="4" skipped="0" failures="0" errors="0" timestamp="2026-09-03T15:40:18" hostname="MITHUN" time="0.022">
  <properties/>
  <testcase name="openAiPreset" classname="dev.fleetworks.memo.core.ProviderPresetsTest" time="0.021"/>
  <testcase name="kiloPreset" classname="dev.fleetworks.memo.core.ProviderPresetsTest" time="0.0"/>
  <testcase name="coversAllProviders" classname="dev.fleetworks.memo.core.ProviderPresetsTest" time="0.0"/>
  <testcase name="unknownIsNull" classname="dev.fleetworks.memo.core.ProviderPresetsTest" time="0.0"/>
  <system-out><![CDATA[]]></system-out>
  <system-err><![CDATA[]]></system-err>
</testsuite>
