<?xml version="1.0" encoding="UTF-8"?>
<testsuite name="dev.fleetworks.memo.core.NoteStatsTest" tests="3" skipped="0" failures="0" errors="0" timestamp="2026-09-03T15:40:18" hostname="MITHUN" time="0.003">
  <properties/>
  <testcase name="countsAcrossLines" classname="dev.fleetworks.memo.core.NoteStatsTest" time="0.003"/>
  <testcase name="ignoresExtraWhitespace" classname="dev.fleetworks.memo.core.NoteStatsTest" time="0.0"/>
  <testcase name="blankIsZero" classname="dev.fleetworks.memo.core.NoteStatsTest" time="0.0"/>
  <system-out><![CDATA[]]></system-out>
  <system-err><![CDATA[]]></system-err>
</testsuite>
