<?xml version="1.0" encoding="UTF-8"?>
<testsuite name="dev.fleetworks.memo.core.FtsSentinelTest" tests="4" skipped="0" failures="0" errors="0" timestamp="2026-09-03T15:40:18" hostname="MITHUN" time="0.011">
  <properties/>
  <testcase name="titleBacklinkQueryContainsSentinel" classname="dev.fleetworks.memo.core.FtsSentinelTest" time="0.01"/>
  <testcase name="queryTransformMatchesIndexTransform" classname="dev.fleetworks.memo.core.FtsSentinelTest" time="0.001"/>
  <testcase name="replacesBracketsOnIndex" classname="dev.fleetworks.memo.core.FtsSentinelTest" time="0.0"/>
  <testcase name="leavesPlainTextWithoutSentinel" classname="dev.fleetworks.memo.core.FtsSentinelTest" time="0.0"/>
  <system-out><![CDATA[]]></system-out>
  <system-err><![CDATA[]]></system-err>
</testsuite>
