<?xml version="1.0" encoding="UTF-8"?>
<testsuite name="dev.fleetworks.memo.chat.PromptBuilderTest" tests="2" skipped="0" failures="0" errors="0" timestamp="2026-09-03T15:39:38" hostname="MITHUN" time="0.015">
  <properties/>
  <testcase name="searchDefaultsToZero" classname="dev.fleetworks.memo.chat.PromptBuilderTest" time="0.012"/>
  <testcase name="searchUsesPlainWords" classname="dev.fleetworks.memo.chat.PromptBuilderTest" time="0.003"/>
  <system-out><![CDATA[]]></system-out>
  <system-err><![CDATA[]]></system-err>
</testsuite>
